<?xml version="1.0" encoding="UTF-8"?>
<!-- Generated by org.testng.reporters.JUnitReportReporter -->
<testsuite hostname="L-DEE-B710W93" failures="0" tests="4" name="tests.AddOwnersTest" time="3.635" errors="0" timestamp="2022-02-02T12:12:15 CET" skipped="0">
  <testcase classname="tests.AddOwnersTest" name="userCannotAddOwnerInCaseThatRequiredFieldsAreBalnk" time="0.830"/>
  <system-out/>
  <testcase classname="tests.AddOwnersTest" name="UserCanAddOwnerSuccessfully" time="1.522"/>
  <system-out/>
  <testcase classname="tests.AddOwnersTest" name="userCannotAddOwnerInCaseTelephoneFieldContainsMoreThan10Intigers" time="0.699"/>
  <system-out/>
  <testcase classname="tests.AddOwnersTest" name="userCannotAddOwnerInCaseTelephoneFieldContainsStrings" time="0.584"/>
  <system-out/>
</testsuite> <!-- tests.AddOwnersTest -->
