<?xml version="1.0" encoding="UTF-8"?>
<!-- Generated by org.testng.reporters.JUnitReportReporter -->
<testsuite hostname="L-DEE-B710W93" failures="0" tests="4" name="tests.AddOwnersTest" time="1.584" errors="0" timestamp="2022-02-07T18:12:27 CET" skipped="0">
  <testcase classname="tests.AddOwnersTest" name="userCannotAddOwnerInCaseTelephoneFieldContainsStrings" time="0.349"/>
  <system-out/>
  <testcase classname="tests.AddOwnersTest" name="UserCanAddOwnerSuccessfully" time="0.467"/>
  <system-out/>
  <testcase classname="tests.AddOwnersTest" name="userCannotAddOwnerInCaseThatRequiredFieldsAreBalnk" time="0.424"/>
  <system-out/>
  <testcase classname="tests.AddOwnersTest" name="userCannotAddOwnerInCaseTelephoneFieldContainsMoreThan10Intigers" time="0.344"/>
  <system-out/>
</testsuite> <!-- tests.AddOwnersTest -->
