<?xml version="1.0" encoding="UTF-8"?>
<!-- Generated by org.testng.reporters.JUnitReportReporter -->
<testsuite hostname="L-DEE-B710W93" failures="0" tests="2" name="tests.SearchForOwnerTest" time="0.302" errors="0" timestamp="2022-02-07T18:12:27 CET" skipped="0">
  <testcase classname="tests.SearchForOwnerTest" name="userCanSearchForTheAddedOwnerSuccessfully" time="0.159"/>
  <system-out/>
  <testcase classname="tests.SearchForOwnerTest" name="userCannotSearchForNotPresentOwner" time="0.143"/>
  <system-out/>
</testsuite> <!-- tests.SearchForOwnerTest -->
